#-----------------------------------------------------------
# Vivado v2016.4 (64-bit)
# SW Build 1756540 on Mon Jan 23 19:11:23 MST 2017
# IP Build 1755317 on Mon Jan 23 20:30:07 MST 2017
# Start of session at: Mon Mar 26 14:37:56 2018
# Process ID: 5292
# Current directory: C:/Users/Mike/Documents/ECE_492_SeniorProject/ultrasonicRadar2D_rev3DistancesOnly
# Command line: vivado.exe -gui_launcher_event rodinguilauncherevent9892 C:\Users\Mike\Documents\ECE_492_SeniorProject\ultrasonicRadar2D_rev3DistancesOnly\ultrasonicRadar2D.xpr
# Log file: C:/Users/Mike/Documents/ECE_492_SeniorProject/ultrasonicRadar2D_rev3DistancesOnly/vivado.log
# Journal file: C:/Users/Mike/Documents/ECE_492_SeniorProject/ultrasonicRadar2D_rev3DistancesOnly\vivado.jou
#-----------------------------------------------------------
start_gui
open_project C:/Users/Mike/Documents/ECE_492_SeniorProject/ultrasonicRadar2D_rev3DistancesOnly/ultrasonicRadar2D.xpr
INFO: [ProjectBase 1-489] The host OS only allows 260 characters in a normal path. The project is stored in a path with more than 80 characters. If you experience issues with IP, Block Designs, or files not being found, please consider moving the project to a location with a shorter path. Alternately consider using the OS subst command to map part of the path to a drive letter.
Current project path is 'C:/Users/Mike/Documents/ECE_492_SeniorProject/ultrasonicRadar2D_rev3DistancesOnly'
INFO: [Project 1-313] Project file moved from 'C:/Users/Mike/Documents/ECE_492_SeniorProject/ultrasonicRadar2D_rev2DistancesOnly' since last save.
Scanning sources...
Finished scanning sources
INFO: [IP_Flow 19-234] Refreshing IP repositories
INFO: [IP_Flow 19-1704] No user IP repositories specified
INFO: [IP_Flow 19-2313] Loaded Vivado IP repository 'C:/Xilinx/Vivado/2016.4/data/ip'.
open_project: Time (s): cpu = 00:00:15 ; elapsed = 00:00:07 . Memory (MB): peak = 738.246 ; gain = 70.621
reset_run synth_1
launch_runs impl_1 -to_step write_bitstream -jobs 2
[Mon Mar 26 14:44:48 2018] Launched synth_1...
Run output will be captured here: C:/Users/Mike/Documents/ECE_492_SeniorProject/ultrasonicRadar2D_rev3DistancesOnly/ultrasonicRadar2D.runs/synth_1/runme.log
[Mon Mar 26 14:44:48 2018] Launched impl_1...
Run output will be captured here: C:/Users/Mike/Documents/ECE_492_SeniorProject/ultrasonicRadar2D_rev3DistancesOnly/ultrasonicRadar2D.runs/impl_1/runme.log
open_hw
connect_hw_server
INFO: [Labtools 27-2285] Connecting to hw_server url TCP:localhost:3121
INFO: [Labtools 27-2222] Launching hw_server...
INFO: [Labtools 27-2221] Launch Output:

****** Xilinx hw_server v2016.4
  **** Build date : Jan 23 2017-19:37:29
    ** Copyright 1986-2016 Xilinx, Inc. All Rights Reserved.


open_hw_target
INFO: [Labtoolstcl 44-466] Opening hw_target localhost:3121/xilinx_tcf/Digilent/210248A2723F
set_property PROGRAM.FILE {C:/Users/Mike/Documents/ECE_492_SeniorProject/ultrasonicRadar2D_rev3DistancesOnly/ultrasonicRadar2D.runs/impl_1/main_top.bit} [lindex [get_hw_devices xc7z020_1] 0]
current_hw_device [lindex [get_hw_devices xc7z020_1] 0]
refresh_hw_device -update_hw_probes false [lindex [get_hw_devices xc7z020_1] 0]
INFO: [Labtools 27-1434] Device xc7z020 (JTAG device index = 1) is programmed with a design that has no supported debug core(s) in it.
WARNING: [Labtools 27-3123] The debug hub core was not detected at User Scan Chain 1 or 3.
Resolution: 
1. Make sure the clock connected to the debug hub (dbg_hub) core is a free running clock and is active OR
2. Manually launch hw_server with -e "set xsdb-user-bscan <C_USER_SCAN_CHAIN scan_chain_number>" to detect the debug hub at User Scan Chain of 2 or 4. To determine the user scan chain setting, open the implemented design and use: get_property C_USER_SCAN_CHAIN [get_debug_cores dbg_hub].
set_property PROBES.FILE {} [lindex [get_hw_devices xc7z020_1] 0]
set_property PROGRAM.FILE {C:/Users/Mike/Documents/ECE_492_SeniorProject/ultrasonicRadar2D_rev3DistancesOnly/ultrasonicRadar2D.runs/impl_1/main_top.bit} [lindex [get_hw_devices xc7z020_1] 0]
program_hw_devices [lindex [get_hw_devices xc7z020_1] 0]
INFO: [Labtools 27-3164] End of startup status: HIGH
refresh_hw_device [lindex [get_hw_devices xc7z020_1] 0]
INFO: [Labtools 27-1434] Device xc7z020 (JTAG device index = 1) is programmed with a design that has no supported debug core(s) in it.
WARNING: [Labtools 27-3123] The debug hub core was not detected at User Scan Chain 1 or 3.
Resolution: 
1. Make sure the clock connected to the debug hub (dbg_hub) core is a free running clock and is active OR
2. Manually launch hw_server with -e "set xsdb-user-bscan <C_USER_SCAN_CHAIN scan_chain_number>" to detect the debug hub at User Scan Chain of 2 or 4. To determine the user scan chain setting, open the implemented design and use: get_property C_USER_SCAN_CHAIN [get_debug_cores dbg_hub].
WARNING: [Labtoolstcl 44-130] No matching hw_ilas were found.
WARNING: [Labtoolstcl 44-130] No matching hw_ilas were found.
WARNING: [Labtoolstcl 44-130] No matching hw_ilas were found.
WARNING: [Labtoolstcl 44-130] No matching hw_ilas were found.
ERROR: [Labtoolstcl 44-513] HW Target shutdown. Closing target: localhost:3121/xilinx_tcf/Digilent/210248A2723F
disconnect_hw_server localhost:3121
connect_hw_server
INFO: [Labtools 27-2285] Connecting to hw_server url TCP:localhost:3121
open_hw_target
INFO: [Labtoolstcl 44-466] Opening hw_target localhost:3121/xilinx_tcf/Digilent/210248A2723F
set_property PROGRAM.FILE {C:/Users/Mike/Documents/ECE_492_SeniorProject/ultrasonicRadar2D_rev3DistancesOnly/ultrasonicRadar2D.runs/impl_1/main_top.bit} [lindex [get_hw_devices xc7z020_1] 0]
current_hw_device [lindex [get_hw_devices xc7z020_1] 0]
refresh_hw_device -update_hw_probes false [lindex [get_hw_devices xc7z020_1] 0]
INFO: [Labtools 27-1435] Device xc7z020 (JTAG device index = 1) is not programmed (DONE status = 0).
set_property PROBES.FILE {} [lindex [get_hw_devices xc7z020_1] 0]
set_property PROGRAM.FILE {C:/Users/Mike/Documents/ECE_492_SeniorProject/ultrasonicRadar2D_rev3DistancesOnly/ultrasonicRadar2D.runs/impl_1/main_top.bit} [lindex [get_hw_devices xc7z020_1] 0]
program_hw_devices [lindex [get_hw_devices xc7z020_1] 0]
INFO: [Labtools 27-3164] End of startup status: HIGH
refresh_hw_device [lindex [get_hw_devices xc7z020_1] 0]
INFO: [Labtools 27-1434] Device xc7z020 (JTAG device index = 1) is programmed with a design that has no supported debug core(s) in it.
WARNING: [Labtools 27-3123] The debug hub core was not detected at User Scan Chain 1 or 3.
Resolution: 
1. Make sure the clock connected to the debug hub (dbg_hub) core is a free running clock and is active OR
2. Manually launch hw_server with -e "set xsdb-user-bscan <C_USER_SCAN_CHAIN scan_chain_number>" to detect the debug hub at User Scan Chain of 2 or 4. To determine the user scan chain setting, open the implemented design and use: get_property C_USER_SCAN_CHAIN [get_debug_cores dbg_hub].
WARNING: [Labtoolstcl 44-130] No matching hw_ilas were found.
WARNING: [Labtoolstcl 44-130] No matching hw_ilas were found.
WARNING: [Labtoolstcl 44-130] No matching hw_ilas were found.
WARNING: [Labtoolstcl 44-130] No matching hw_ilas were found.
exit
INFO: [Common 17-206] Exiting Vivado at Mon Mar 26 15:13:31 2018...
