
*** Running vivado
    with args -log axi_uartlite_0.vds -m64 -product Vivado -mode batch -messageDb vivado.pb -notrace -source axi_uartlite_0.tcl


****** Vivado v2016.4 (64-bit)
  **** SW Build 1756540 on Mon Jan 23 19:11:23 MST 2017
  **** IP Build 1755317 on Mon Jan 23 20:30:07 MST 2017
    ** Copyright 1986-2016 Xilinx, Inc. All Rights Reserved.

source axi_uartlite_0.tcl -notrace
Starting RTL Elaboration : Time (s): cpu = 00:00:06 ; elapsed = 00:00:11 . Memory (MB): peak = 299.742 ; gain = 90.246
INFO: [Synth 8-638] synthesizing module 'axi_uartlite_0' [c:/Users/Mike/Documents/ECE_492_SeniorProject/ultrasonicRadar2D/ultrasonicRadar2D.srcs/sources_1/ip/axi_uartlite_0/synth/axi_uartlite_0.vhd:86]
INFO: [Synth 8-638] synthesizing module 'axi_uartlite' [c:/Users/Mike/Documents/ECE_492_SeniorProject/ultrasonicRadar2D/ultrasonicRadar2D.srcs/sources_1/ip/axi_uartlite_0/hdl/axi_uartlite_v2_0_vh_rfs.vhd:2160]
INFO: [Synth 8-638] synthesizing module 'uartlite_core' [c:/Users/Mike/Documents/ECE_492_SeniorProject/ultrasonicRadar2D/ultrasonicRadar2D.srcs/sources_1/ip/axi_uartlite_0/hdl/axi_uartlite_v2_0_vh_rfs.vhd:1615]
INFO: [Synth 8-638] synthesizing module 'baudrate' [c:/Users/Mike/Documents/ECE_492_SeniorProject/ultrasonicRadar2D/ultrasonicRadar2D.srcs/sources_1/ip/axi_uartlite_0/hdl/axi_uartlite_v2_0_vh_rfs.vhd:1418]
INFO: [Synth 8-256] done synthesizing module 'baudrate' (1#1) [c:/Users/Mike/Documents/ECE_492_SeniorProject/ultrasonicRadar2D/ultrasonicRadar2D.srcs/sources_1/ip/axi_uartlite_0/hdl/axi_uartlite_v2_0_vh_rfs.vhd:1418]
INFO: [Synth 8-638] synthesizing module 'uartlite_rx' [c:/Users/Mike/Documents/ECE_492_SeniorProject/ultrasonicRadar2D/ultrasonicRadar2D.srcs/sources_1/ip/axi_uartlite_0/hdl/axi_uartlite_v2_0_vh_rfs.vhd:909]
INFO: [Synth 8-638] synthesizing module 'cdc_sync' [c:/Users/Mike/Documents/ECE_492_SeniorProject/ultrasonicRadar2D/ultrasonicRadar2D.srcs/sources_1/ip/axi_uartlite_0/hdl/lib_cdc_v1_0_rfs.vhd:106]
INFO: [Synth 8-256] done synthesizing module 'cdc_sync' (2#1) [c:/Users/Mike/Documents/ECE_492_SeniorProject/ultrasonicRadar2D/ultrasonicRadar2D.srcs/sources_1/ip/axi_uartlite_0/hdl/lib_cdc_v1_0_rfs.vhd:106]
INFO: [Synth 8-638] synthesizing module 'dynshreg_i_f' [c:/Users/Mike/Documents/ECE_492_SeniorProject/ultrasonicRadar2D/ultrasonicRadar2D.srcs/sources_1/ip/axi_uartlite_0/hdl/axi_uartlite_v2_0_vh_rfs.vhd:168]
INFO: [Synth 8-256] done synthesizing module 'dynshreg_i_f' (3#1) [c:/Users/Mike/Documents/ECE_492_SeniorProject/ultrasonicRadar2D/ultrasonicRadar2D.srcs/sources_1/ip/axi_uartlite_0/hdl/axi_uartlite_v2_0_vh_rfs.vhd:168]
INFO: [Synth 8-638] synthesizing module 'srl_fifo_f' [c:/Users/Mike/Documents/ECE_492_SeniorProject/ultrasonicRadar2D/ultrasonicRadar2D.srcs/sources_1/ip/axi_uartlite_0/hdl/lib_srl_fifo_v1_0_rfs.vhd:1000]
INFO: [Synth 8-638] synthesizing module 'srl_fifo_rbu_f' [c:/Users/Mike/Documents/ECE_492_SeniorProject/ultrasonicRadar2D/ultrasonicRadar2D.srcs/sources_1/ip/axi_uartlite_0/hdl/lib_srl_fifo_v1_0_rfs.vhd:697]
INFO: [Synth 8-638] synthesizing module 'cntr_incr_decr_addn_f' [c:/Users/Mike/Documents/ECE_492_SeniorProject/ultrasonicRadar2D/ultrasonicRadar2D.srcs/sources_1/ip/axi_uartlite_0/hdl/lib_srl_fifo_v1_0_rfs.vhd:143]
INFO: [Synth 8-256] done synthesizing module 'cntr_incr_decr_addn_f' (4#1) [c:/Users/Mike/Documents/ECE_492_SeniorProject/ultrasonicRadar2D/ultrasonicRadar2D.srcs/sources_1/ip/axi_uartlite_0/hdl/lib_srl_fifo_v1_0_rfs.vhd:143]
INFO: [Synth 8-638] synthesizing module 'dynshreg_f' [c:/Users/Mike/Documents/ECE_492_SeniorProject/ultrasonicRadar2D/ultrasonicRadar2D.srcs/sources_1/ip/axi_uartlite_0/hdl/lib_srl_fifo_v1_0_rfs.vhd:397]
INFO: [Synth 8-256] done synthesizing module 'dynshreg_f' (5#1) [c:/Users/Mike/Documents/ECE_492_SeniorProject/ultrasonicRadar2D/ultrasonicRadar2D.srcs/sources_1/ip/axi_uartlite_0/hdl/lib_srl_fifo_v1_0_rfs.vhd:397]
INFO: [Synth 8-256] done synthesizing module 'srl_fifo_rbu_f' (6#1) [c:/Users/Mike/Documents/ECE_492_SeniorProject/ultrasonicRadar2D/ultrasonicRadar2D.srcs/sources_1/ip/axi_uartlite_0/hdl/lib_srl_fifo_v1_0_rfs.vhd:697]
INFO: [Synth 8-256] done synthesizing module 'srl_fifo_f' (7#1) [c:/Users/Mike/Documents/ECE_492_SeniorProject/ultrasonicRadar2D/ultrasonicRadar2D.srcs/sources_1/ip/axi_uartlite_0/hdl/lib_srl_fifo_v1_0_rfs.vhd:1000]
INFO: [Synth 8-256] done synthesizing module 'uartlite_rx' (8#1) [c:/Users/Mike/Documents/ECE_492_SeniorProject/ultrasonicRadar2D/ultrasonicRadar2D.srcs/sources_1/ip/axi_uartlite_0/hdl/axi_uartlite_v2_0_vh_rfs.vhd:909]
INFO: [Synth 8-638] synthesizing module 'uartlite_tx' [c:/Users/Mike/Documents/ECE_492_SeniorProject/ultrasonicRadar2D/ultrasonicRadar2D.srcs/sources_1/ip/axi_uartlite_0/hdl/axi_uartlite_v2_0_vh_rfs.vhd:408]
INFO: [Synth 8-638] synthesizing module 'dynshreg_i_f__parameterized0' [c:/Users/Mike/Documents/ECE_492_SeniorProject/ultrasonicRadar2D/ultrasonicRadar2D.srcs/sources_1/ip/axi_uartlite_0/hdl/axi_uartlite_v2_0_vh_rfs.vhd:168]
INFO: [Synth 8-256] done synthesizing module 'dynshreg_i_f__parameterized0' (8#1) [c:/Users/Mike/Documents/ECE_492_SeniorProject/ultrasonicRadar2D/ultrasonicRadar2D.srcs/sources_1/ip/axi_uartlite_0/hdl/axi_uartlite_v2_0_vh_rfs.vhd:168]
INFO: [Synth 8-256] done synthesizing module 'uartlite_tx' (9#1) [c:/Users/Mike/Documents/ECE_492_SeniorProject/ultrasonicRadar2D/ultrasonicRadar2D.srcs/sources_1/ip/axi_uartlite_0/hdl/axi_uartlite_v2_0_vh_rfs.vhd:408]
INFO: [Synth 8-256] done synthesizing module 'uartlite_core' (10#1) [c:/Users/Mike/Documents/ECE_492_SeniorProject/ultrasonicRadar2D/ultrasonicRadar2D.srcs/sources_1/ip/axi_uartlite_0/hdl/axi_uartlite_v2_0_vh_rfs.vhd:1615]
INFO: [Synth 8-638] synthesizing module 'axi_lite_ipif' [c:/Users/Mike/Documents/ECE_492_SeniorProject/ultrasonicRadar2D/ultrasonicRadar2D.srcs/sources_1/ip/axi_uartlite_0/hdl/axi_lite_ipif_v3_0_vh_rfs.vhd:2948]
INFO: [Synth 8-638] synthesizing module 'slave_attachment' [c:/Users/Mike/Documents/ECE_492_SeniorProject/ultrasonicRadar2D/ultrasonicRadar2D.srcs/sources_1/ip/axi_uartlite_0/hdl/axi_lite_ipif_v3_0_vh_rfs.vhd:2341]
INFO: [Synth 8-638] synthesizing module 'address_decoder' [c:/Users/Mike/Documents/ECE_492_SeniorProject/ultrasonicRadar2D/ultrasonicRadar2D.srcs/sources_1/ip/axi_uartlite_0/hdl/axi_lite_ipif_v3_0_vh_rfs.vhd:1775]
INFO: [Synth 8-638] synthesizing module 'pselect_f' [c:/Users/Mike/Documents/ECE_492_SeniorProject/ultrasonicRadar2D/ultrasonicRadar2D.srcs/sources_1/ip/axi_uartlite_0/hdl/axi_lite_ipif_v3_0_vh_rfs.vhd:1534]
INFO: [Synth 8-256] done synthesizing module 'pselect_f' (11#1) [c:/Users/Mike/Documents/ECE_492_SeniorProject/ultrasonicRadar2D/ultrasonicRadar2D.srcs/sources_1/ip/axi_uartlite_0/hdl/axi_lite_ipif_v3_0_vh_rfs.vhd:1534]
INFO: [Synth 8-638] synthesizing module 'pselect_f__parameterized0' [c:/Users/Mike/Documents/ECE_492_SeniorProject/ultrasonicRadar2D/ultrasonicRadar2D.srcs/sources_1/ip/axi_uartlite_0/hdl/axi_lite_ipif_v3_0_vh_rfs.vhd:1534]
INFO: [Synth 8-256] done synthesizing module 'pselect_f__parameterized0' (11#1) [c:/Users/Mike/Documents/ECE_492_SeniorProject/ultrasonicRadar2D/ultrasonicRadar2D.srcs/sources_1/ip/axi_uartlite_0/hdl/axi_lite_ipif_v3_0_vh_rfs.vhd:1534]
INFO: [Synth 8-638] synthesizing module 'pselect_f__parameterized1' [c:/Users/Mike/Documents/ECE_492_SeniorProject/ultrasonicRadar2D/ultrasonicRadar2D.srcs/sources_1/ip/axi_uartlite_0/hdl/axi_lite_ipif_v3_0_vh_rfs.vhd:1534]
INFO: [Synth 8-256] done synthesizing module 'pselect_f__parameterized1' (11#1) [c:/Users/Mike/Documents/ECE_492_SeniorProject/ultrasonicRadar2D/ultrasonicRadar2D.srcs/sources_1/ip/axi_uartlite_0/hdl/axi_lite_ipif_v3_0_vh_rfs.vhd:1534]
INFO: [Synth 8-638] synthesizing module 'pselect_f__parameterized2' [c:/Users/Mike/Documents/ECE_492_SeniorProject/ultrasonicRadar2D/ultrasonicRadar2D.srcs/sources_1/ip/axi_uartlite_0/hdl/axi_lite_ipif_v3_0_vh_rfs.vhd:1534]
INFO: [Synth 8-256] done synthesizing module 'pselect_f__parameterized2' (11#1) [c:/Users/Mike/Documents/ECE_492_SeniorProject/ultrasonicRadar2D/ultrasonicRadar2D.srcs/sources_1/ip/axi_uartlite_0/hdl/axi_lite_ipif_v3_0_vh_rfs.vhd:1534]
INFO: [Synth 8-256] done synthesizing module 'address_decoder' (12#1) [c:/Users/Mike/Documents/ECE_492_SeniorProject/ultrasonicRadar2D/ultrasonicRadar2D.srcs/sources_1/ip/axi_uartlite_0/hdl/axi_lite_ipif_v3_0_vh_rfs.vhd:1775]
INFO: [Synth 8-256] done synthesizing module 'slave_attachment' (13#1) [c:/Users/Mike/Documents/ECE_492_SeniorProject/ultrasonicRadar2D/ultrasonicRadar2D.srcs/sources_1/ip/axi_uartlite_0/hdl/axi_lite_ipif_v3_0_vh_rfs.vhd:2341]
INFO: [Synth 8-256] done synthesizing module 'axi_lite_ipif' (14#1) [c:/Users/Mike/Documents/ECE_492_SeniorProject/ultrasonicRadar2D/ultrasonicRadar2D.srcs/sources_1/ip/axi_uartlite_0/hdl/axi_lite_ipif_v3_0_vh_rfs.vhd:2948]
INFO: [Synth 8-256] done synthesizing module 'axi_uartlite' (15#1) [c:/Users/Mike/Documents/ECE_492_SeniorProject/ultrasonicRadar2D/ultrasonicRadar2D.srcs/sources_1/ip/axi_uartlite_0/hdl/axi_uartlite_v2_0_vh_rfs.vhd:2160]
INFO: [Synth 8-256] done synthesizing module 'axi_uartlite_0' (16#1) [c:/Users/Mike/Documents/ECE_492_SeniorProject/ultrasonicRadar2D/ultrasonicRadar2D.srcs/sources_1/ip/axi_uartlite_0/synth/axi_uartlite_0.vhd:86]
Finished RTL Elaboration : Time (s): cpu = 00:00:07 ; elapsed = 00:00:12 . Memory (MB): peak = 339.051 ; gain = 129.555
Finished RTL Optimization Phase 1 : Time (s): cpu = 00:00:08 ; elapsed = 00:00:12 . Memory (MB): peak = 339.051 ; gain = 129.555
INFO: [Device 21-403] Loading part xc7z020clg484-1
Constraint Validation Runtime : Time (s): cpu = 00:00:00 ; elapsed = 00:00:00.218 . Memory (MB): peak = 660.527 ; gain = 0.000
Finished Constraint Validation : Time (s): cpu = 00:00:18 ; elapsed = 00:00:24 . Memory (MB): peak = 660.527 ; gain = 451.031
Finished Loading Part and Timing Information : Time (s): cpu = 00:00:18 ; elapsed = 00:00:24 . Memory (MB): peak = 660.527 ; gain = 451.031
Finished applying 'set_property' XDC Constraints : Time (s): cpu = 00:00:18 ; elapsed = 00:00:24 . Memory (MB): peak = 660.527 ; gain = 451.031
Finished RTL Optimization Phase 2 : Time (s): cpu = 00:00:18 ; elapsed = 00:00:24 . Memory (MB): peak = 660.527 ; gain = 451.031
Finished Cross Boundary and Area Optimization : Time (s): cpu = 00:00:19 ; elapsed = 00:00:25 . Memory (MB): peak = 660.527 ; gain = 451.031
Finished Applying XDC Timing Constraints : Time (s): cpu = 00:00:30 ; elapsed = 00:00:36 . Memory (MB): peak = 660.527 ; gain = 451.031
Finished Timing Optimization : Time (s): cpu = 00:00:30 ; elapsed = 00:00:37 . Memory (MB): peak = 660.527 ; gain = 451.031
Finished Technology Mapping : Time (s): cpu = 00:00:30 ; elapsed = 00:00:37 . Memory (MB): peak = 660.527 ; gain = 451.031
Finished IO Insertion : Time (s): cpu = 00:00:31 ; elapsed = 00:00:38 . Memory (MB): peak = 660.527 ; gain = 451.031
Finished Renaming Generated Instances : Time (s): cpu = 00:00:31 ; elapsed = 00:00:38 . Memory (MB): peak = 660.527 ; gain = 451.031
Finished Rebuilding User Hierarchy : Time (s): cpu = 00:00:31 ; elapsed = 00:00:38 . Memory (MB): peak = 660.527 ; gain = 451.031
Finished Renaming Generated Ports : Time (s): cpu = 00:00:31 ; elapsed = 00:00:38 . Memory (MB): peak = 660.527 ; gain = 451.031
Finished Handling Custom Attributes : Time (s): cpu = 00:00:31 ; elapsed = 00:00:38 . Memory (MB): peak = 660.527 ; gain = 451.031
Finished Renaming Generated Nets : Time (s): cpu = 00:00:31 ; elapsed = 00:00:38 . Memory (MB): peak = 660.527 ; gain = 451.031

Report Cell Usage: 
+------+-------+------+
|      |Cell   |Count |
+------+-------+------+
|1     |LUT1   |     2|
|2     |LUT2   |    10|
|3     |LUT3   |    23|
|4     |LUT4   |    17|
|5     |LUT5   |    43|
|6     |LUT6   |    14|
|7     |SRL16E |    18|
|8     |FDR    |     4|
|9     |FDRE   |    71|
|10    |FDSE   |    16|
+------+-------+------+
Finished Writing Synthesis Report : Time (s): cpu = 00:00:31 ; elapsed = 00:00:38 . Memory (MB): peak = 660.527 ; gain = 451.031
synth_design: Time (s): cpu = 00:00:30 ; elapsed = 00:00:33 . Memory (MB): peak = 660.527 ; gain = 442.063
