
*** Running vivado
    with args -log divider.vds -m64 -product Vivado -mode batch -messageDb vivado.pb -notrace -source divider.tcl


****** Vivado v2016.4 (64-bit)
  **** SW Build 1756540 on Mon Jan 23 19:11:23 MST 2017
  **** IP Build 1755317 on Mon Jan 23 20:30:07 MST 2017
    ** Copyright 1986-2016 Xilinx, Inc. All Rights Reserved.

source divider.tcl -notrace
Starting RTL Elaboration : Time (s): cpu = 00:00:08 ; elapsed = 00:00:10 . Memory (MB): peak = 292.969 ; gain = 82.867
INFO: [Synth 8-638] synthesizing module 'divider' [c:/Users/Mike/Documents/ECE_492_SeniorProject/ultrasonicRadar2D/ultrasonicRadar2D.srcs/sources_1/ip/divider/synth/divider.vhd:71]
INFO: [Synth 8-256] done synthesizing module 'divider' (10#1) [c:/Users/Mike/Documents/ECE_492_SeniorProject/ultrasonicRadar2D/ultrasonicRadar2D.srcs/sources_1/ip/divider/synth/divider.vhd:71]
Finished RTL Elaboration : Time (s): cpu = 00:00:13 ; elapsed = 00:00:15 . Memory (MB): peak = 372.965 ; gain = 162.863
Finished RTL Optimization Phase 1 : Time (s): cpu = 00:00:13 ; elapsed = 00:00:15 . Memory (MB): peak = 372.965 ; gain = 162.863
INFO: [Device 21-403] Loading part xc7z020clg484-1
Constraint Validation Runtime : Time (s): cpu = 00:00:01 ; elapsed = 00:00:00.046 . Memory (MB): peak = 657.613 ; gain = 0.000
Finished Constraint Validation : Time (s): cpu = 00:00:23 ; elapsed = 00:00:26 . Memory (MB): peak = 657.613 ; gain = 447.512
Finished Loading Part and Timing Information : Time (s): cpu = 00:00:23 ; elapsed = 00:00:26 . Memory (MB): peak = 657.613 ; gain = 447.512
Finished applying 'set_property' XDC Constraints : Time (s): cpu = 00:00:23 ; elapsed = 00:00:26 . Memory (MB): peak = 657.613 ; gain = 447.512
Finished RTL Optimization Phase 2 : Time (s): cpu = 00:00:24 ; elapsed = 00:00:28 . Memory (MB): peak = 657.613 ; gain = 447.512
Finished Cross Boundary and Area Optimization : Time (s): cpu = 00:00:26 ; elapsed = 00:00:30 . Memory (MB): peak = 657.613 ; gain = 447.512
Finished Applying XDC Timing Constraints : Time (s): cpu = 00:00:36 ; elapsed = 00:00:41 . Memory (MB): peak = 657.613 ; gain = 447.512
Finished Timing Optimization : Time (s): cpu = 00:00:37 ; elapsed = 00:00:42 . Memory (MB): peak = 657.613 ; gain = 447.512
Finished Technology Mapping : Time (s): cpu = 00:00:37 ; elapsed = 00:00:42 . Memory (MB): peak = 657.613 ; gain = 447.512
Finished IO Insertion : Time (s): cpu = 00:00:38 ; elapsed = 00:00:43 . Memory (MB): peak = 657.613 ; gain = 447.512
Finished Renaming Generated Instances : Time (s): cpu = 00:00:38 ; elapsed = 00:00:43 . Memory (MB): peak = 657.613 ; gain = 447.512
Finished Rebuilding User Hierarchy : Time (s): cpu = 00:00:38 ; elapsed = 00:00:43 . Memory (MB): peak = 657.613 ; gain = 447.512
Finished Renaming Generated Ports : Time (s): cpu = 00:00:38 ; elapsed = 00:00:43 . Memory (MB): peak = 657.613 ; gain = 447.512
Finished Handling Custom Attributes : Time (s): cpu = 00:00:38 ; elapsed = 00:00:43 . Memory (MB): peak = 657.613 ; gain = 447.512
Finished Renaming Generated Nets : Time (s): cpu = 00:00:39 ; elapsed = 00:00:43 . Memory (MB): peak = 657.613 ; gain = 447.512

Report Cell Usage: 
+------+--------+------+
|      |Cell    |Count |
+------+--------+------+
|1     |LUT1    |    64|
|2     |LUT2    |    67|
|3     |LUT3    |   216|
|4     |MUXCY   |   261|
|5     |SRLC32E |     1|
|6     |XORCY   |   261|
|7     |FDRE    |  1227|
+------+--------+------+
Finished Writing Synthesis Report : Time (s): cpu = 00:00:39 ; elapsed = 00:00:43 . Memory (MB): peak = 657.613 ; gain = 447.512
synth_design: Time (s): cpu = 00:00:38 ; elapsed = 00:00:42 . Memory (MB): peak = 657.613 ; gain = 442.285
