
*** Running vivado
    with args -log axi_uart16550_0.vds -m64 -product Vivado -mode batch -messageDb vivado.pb -notrace -source axi_uart16550_0.tcl


****** Vivado v2016.4 (64-bit)
  **** SW Build 1756540 on Mon Jan 23 19:11:23 MST 2017
  **** IP Build 1755317 on Mon Jan 23 20:30:07 MST 2017
    ** Copyright 1986-2016 Xilinx, Inc. All Rights Reserved.

source axi_uart16550_0.tcl -notrace
Starting RTL Elaboration : Time (s): cpu = 00:00:07 ; elapsed = 00:00:10 . Memory (MB): peak = 299.574 ; gain = 89.160
INFO: [Synth 8-638] synthesizing module 'axi_uart16550_0' [c:/Users/Mike/Documents/ECE_492_SeniorProject/ultrasonicRadar2D/ultrasonicRadar2D.srcs/sources_1/ip/axi_uart16550_0_1/synth/axi_uart16550_0.vhd:101]
INFO: [Synth 8-638] synthesizing module 'axi_uart16550' [c:/Users/Mike/Documents/ECE_492_SeniorProject/ultrasonicRadar2D/ultrasonicRadar2D.srcs/sources_1/ip/axi_uart16550_0_1/hdl/axi_uart16550_v2_0_vh_rfs.vhd:4680]
INFO: [Synth 8-638] synthesizing module 'axi_lite_ipif' [c:/Users/Mike/Documents/ECE_492_SeniorProject/ultrasonicRadar2D/ultrasonicRadar2D.srcs/sources_1/ip/axi_uart16550_0_1/hdl/axi_lite_ipif_v3_0_vh_rfs.vhd:2948]
INFO: [Synth 8-638] synthesizing module 'slave_attachment' [c:/Users/Mike/Documents/ECE_492_SeniorProject/ultrasonicRadar2D/ultrasonicRadar2D.srcs/sources_1/ip/axi_uart16550_0_1/hdl/axi_lite_ipif_v3_0_vh_rfs.vhd:2341]
INFO: [Synth 8-638] synthesizing module 'address_decoder' [c:/Users/Mike/Documents/ECE_492_SeniorProject/ultrasonicRadar2D/ultrasonicRadar2D.srcs/sources_1/ip/axi_uart16550_0_1/hdl/axi_lite_ipif_v3_0_vh_rfs.vhd:1775]
INFO: [Synth 8-256] done synthesizing module 'address_decoder' (1#1) [c:/Users/Mike/Documents/ECE_492_SeniorProject/ultrasonicRadar2D/ultrasonicRadar2D.srcs/sources_1/ip/axi_uart16550_0_1/hdl/axi_lite_ipif_v3_0_vh_rfs.vhd:1775]
INFO: [Synth 8-256] done synthesizing module 'slave_attachment' (2#1) [c:/Users/Mike/Documents/ECE_492_SeniorProject/ultrasonicRadar2D/ultrasonicRadar2D.srcs/sources_1/ip/axi_uart16550_0_1/hdl/axi_lite_ipif_v3_0_vh_rfs.vhd:2341]
INFO: [Synth 8-256] done synthesizing module 'axi_lite_ipif' (3#1) [c:/Users/Mike/Documents/ECE_492_SeniorProject/ultrasonicRadar2D/ultrasonicRadar2D.srcs/sources_1/ip/axi_uart16550_0_1/hdl/axi_lite_ipif_v3_0_vh_rfs.vhd:2948]
INFO: [Synth 8-638] synthesizing module 'xuart' [c:/Users/Mike/Documents/ECE_492_SeniorProject/ultrasonicRadar2D/ultrasonicRadar2D.srcs/sources_1/ip/axi_uart16550_0_1/hdl/axi_uart16550_v2_0_vh_rfs.vhd:4204]
INFO: [Synth 8-638] synthesizing module 'uart16550' [c:/Users/Mike/Documents/ECE_492_SeniorProject/ultrasonicRadar2D/ultrasonicRadar2D.srcs/sources_1/ip/axi_uart16550_0_1/hdl/axi_uart16550_v2_0_vh_rfs.vhd:2317]
INFO: [Synth 8-638] synthesizing module 'xuart_tx_load_sm' [c:/Users/Mike/Documents/ECE_492_SeniorProject/ultrasonicRadar2D/ultrasonicRadar2D.srcs/sources_1/ip/axi_uart16550_0_1/hdl/axi_uart16550_v2_0_vh_rfs.vhd:310]
INFO: [Synth 8-256] done synthesizing module 'xuart_tx_load_sm' (4#1) [c:/Users/Mike/Documents/ECE_492_SeniorProject/ultrasonicRadar2D/ultrasonicRadar2D.srcs/sources_1/ip/axi_uart16550_0_1/hdl/axi_uart16550_v2_0_vh_rfs.vhd:310]
INFO: [Synth 8-638] synthesizing module 'rx16550' [c:/Users/Mike/Documents/ECE_492_SeniorProject/ultrasonicRadar2D/ultrasonicRadar2D.srcs/sources_1/ip/axi_uart16550_0_1/hdl/axi_uart16550_v2_0_vh_rfs.vhd:1303]
INFO: [Synth 8-256] done synthesizing module 'rx16550' (5#1) [c:/Users/Mike/Documents/ECE_492_SeniorProject/ultrasonicRadar2D/ultrasonicRadar2D.srcs/sources_1/ip/axi_uart16550_0_1/hdl/axi_uart16550_v2_0_vh_rfs.vhd:1303]
INFO: [Synth 8-638] synthesizing module 'tx16550' [c:/Users/Mike/Documents/ECE_492_SeniorProject/ultrasonicRadar2D/ultrasonicRadar2D.srcs/sources_1/ip/axi_uart16550_0_1/hdl/axi_uart16550_v2_0_vh_rfs.vhd:681]
INFO: [Synth 8-256] done synthesizing module 'tx16550' (6#1) [c:/Users/Mike/Documents/ECE_492_SeniorProject/ultrasonicRadar2D/ultrasonicRadar2D.srcs/sources_1/ip/axi_uart16550_0_1/hdl/axi_uart16550_v2_0_vh_rfs.vhd:681]
INFO: [Synth 8-638] synthesizing module 'tx_fifo_block' [c:/Users/Mike/Documents/ECE_492_SeniorProject/ultrasonicRadar2D/ultrasonicRadar2D.srcs/sources_1/ip/axi_uart16550_0_1/hdl/axi_uart16550_v2_0_vh_rfs.vhd:542]
INFO: [Synth 8-638] synthesizing module 'srl_fifo_rbu_f' [c:/Users/Mike/Documents/ECE_492_SeniorProject/ultrasonicRadar2D/ultrasonicRadar2D.srcs/sources_1/ip/axi_uart16550_0_1/hdl/lib_srl_fifo_v1_0_rfs.vhd:697]
INFO: [Synth 8-638] synthesizing module 'cntr_incr_decr_addn_f' [c:/Users/Mike/Documents/ECE_492_SeniorProject/ultrasonicRadar2D/ultrasonicRadar2D.srcs/sources_1/ip/axi_uart16550_0_1/hdl/lib_srl_fifo_v1_0_rfs.vhd:143]
INFO: [Synth 8-256] done synthesizing module 'cntr_incr_decr_addn_f' (7#1) [c:/Users/Mike/Documents/ECE_492_SeniorProject/ultrasonicRadar2D/ultrasonicRadar2D.srcs/sources_1/ip/axi_uart16550_0_1/hdl/lib_srl_fifo_v1_0_rfs.vhd:143]
INFO: [Synth 8-638] synthesizing module 'dynshreg_f' [c:/Users/Mike/Documents/ECE_492_SeniorProject/ultrasonicRadar2D/ultrasonicRadar2D.srcs/sources_1/ip/axi_uart16550_0_1/hdl/lib_srl_fifo_v1_0_rfs.vhd:397]
INFO: [Synth 8-256] done synthesizing module 'dynshreg_f' (8#1) [c:/Users/Mike/Documents/ECE_492_SeniorProject/ultrasonicRadar2D/ultrasonicRadar2D.srcs/sources_1/ip/axi_uart16550_0_1/hdl/lib_srl_fifo_v1_0_rfs.vhd:397]
INFO: [Synth 8-256] done synthesizing module 'srl_fifo_rbu_f' (9#1) [c:/Users/Mike/Documents/ECE_492_SeniorProject/ultrasonicRadar2D/ultrasonicRadar2D.srcs/sources_1/ip/axi_uart16550_0_1/hdl/lib_srl_fifo_v1_0_rfs.vhd:697]
INFO: [Synth 8-256] done synthesizing module 'tx_fifo_block' (10#1) [c:/Users/Mike/Documents/ECE_492_SeniorProject/ultrasonicRadar2D/ultrasonicRadar2D.srcs/sources_1/ip/axi_uart16550_0_1/hdl/axi_uart16550_v2_0_vh_rfs.vhd:542]
INFO: [Synth 8-638] synthesizing module 'rx_fifo_block' [c:/Users/Mike/Documents/ECE_492_SeniorProject/ultrasonicRadar2D/ultrasonicRadar2D.srcs/sources_1/ip/axi_uart16550_0_1/hdl/axi_uart16550_v2_0_vh_rfs.vhd:1129]
INFO: [Synth 8-638] synthesizing module 'rx_fifo_control' [c:/Users/Mike/Documents/ECE_492_SeniorProject/ultrasonicRadar2D/ultrasonicRadar2D.srcs/sources_1/ip/axi_uart16550_0_1/hdl/axi_uart16550_v2_0_vh_rfs.vhd:104]
INFO: [Synth 8-256] done synthesizing module 'rx_fifo_control' (11#1) [c:/Users/Mike/Documents/ECE_492_SeniorProject/ultrasonicRadar2D/ultrasonicRadar2D.srcs/sources_1/ip/axi_uart16550_0_1/hdl/axi_uart16550_v2_0_vh_rfs.vhd:104]
INFO: [Synth 8-638] synthesizing module 'srl_fifo_rbu_f__parameterized0' [c:/Users/Mike/Documents/ECE_492_SeniorProject/ultrasonicRadar2D/ultrasonicRadar2D.srcs/sources_1/ip/axi_uart16550_0_1/hdl/lib_srl_fifo_v1_0_rfs.vhd:697]
INFO: [Synth 8-638] synthesizing module 'dynshreg_f__parameterized0' [c:/Users/Mike/Documents/ECE_492_SeniorProject/ultrasonicRadar2D/ultrasonicRadar2D.srcs/sources_1/ip/axi_uart16550_0_1/hdl/lib_srl_fifo_v1_0_rfs.vhd:397]
INFO: [Synth 8-256] done synthesizing module 'dynshreg_f__parameterized0' (11#1) [c:/Users/Mike/Documents/ECE_492_SeniorProject/ultrasonicRadar2D/ultrasonicRadar2D.srcs/sources_1/ip/axi_uart16550_0_1/hdl/lib_srl_fifo_v1_0_rfs.vhd:397]
INFO: [Synth 8-256] done synthesizing module 'srl_fifo_rbu_f__parameterized0' (11#1) [c:/Users/Mike/Documents/ECE_492_SeniorProject/ultrasonicRadar2D/ultrasonicRadar2D.srcs/sources_1/ip/axi_uart16550_0_1/hdl/lib_srl_fifo_v1_0_rfs.vhd:697]
INFO: [Synth 8-256] done synthesizing module 'rx_fifo_block' (12#1) [c:/Users/Mike/Documents/ECE_492_SeniorProject/ultrasonicRadar2D/ultrasonicRadar2D.srcs/sources_1/ip/axi_uart16550_0_1/hdl/axi_uart16550_v2_0_vh_rfs.vhd:1129]
INFO: [Synth 8-256] done synthesizing module 'uart16550' (13#1) [c:/Users/Mike/Documents/ECE_492_SeniorProject/ultrasonicRadar2D/ultrasonicRadar2D.srcs/sources_1/ip/axi_uart16550_0_1/hdl/axi_uart16550_v2_0_vh_rfs.vhd:2317]
INFO: [Synth 8-638] synthesizing module 'ipic_if' [c:/Users/Mike/Documents/ECE_492_SeniorProject/ultrasonicRadar2D/ultrasonicRadar2D.srcs/sources_1/ip/axi_uart16550_0_1/hdl/axi_uart16550_v2_0_vh_rfs.vhd:3880]
INFO: [Synth 8-256] done synthesizing module 'ipic_if' (14#1) [c:/Users/Mike/Documents/ECE_492_SeniorProject/ultrasonicRadar2D/ultrasonicRadar2D.srcs/sources_1/ip/axi_uart16550_0_1/hdl/axi_uart16550_v2_0_vh_rfs.vhd:3880]
INFO: [Synth 8-638] synthesizing module 'cdc_sync' [c:/Users/Mike/Documents/ECE_492_SeniorProject/ultrasonicRadar2D/ultrasonicRadar2D.srcs/sources_1/ip/axi_uart16550_0_1/hdl/lib_cdc_v1_0_rfs.vhd:106]
INFO: [Synth 8-256] done synthesizing module 'cdc_sync' (15#1) [c:/Users/Mike/Documents/ECE_492_SeniorProject/ultrasonicRadar2D/ultrasonicRadar2D.srcs/sources_1/ip/axi_uart16550_0_1/hdl/lib_cdc_v1_0_rfs.vhd:106]
INFO: [Synth 8-256] done synthesizing module 'xuart' (16#1) [c:/Users/Mike/Documents/ECE_492_SeniorProject/ultrasonicRadar2D/ultrasonicRadar2D.srcs/sources_1/ip/axi_uart16550_0_1/hdl/axi_uart16550_v2_0_vh_rfs.vhd:4204]
INFO: [Synth 8-256] done synthesizing module 'axi_uart16550' (17#1) [c:/Users/Mike/Documents/ECE_492_SeniorProject/ultrasonicRadar2D/ultrasonicRadar2D.srcs/sources_1/ip/axi_uart16550_0_1/hdl/axi_uart16550_v2_0_vh_rfs.vhd:4680]
INFO: [Synth 8-256] done synthesizing module 'axi_uart16550_0' (18#1) [c:/Users/Mike/Documents/ECE_492_SeniorProject/ultrasonicRadar2D/ultrasonicRadar2D.srcs/sources_1/ip/axi_uart16550_0_1/synth/axi_uart16550_0.vhd:101]
Finished RTL Elaboration : Time (s): cpu = 00:00:08 ; elapsed = 00:00:12 . Memory (MB): peak = 342.523 ; gain = 132.109
Finished RTL Optimization Phase 1 : Time (s): cpu = 00:00:09 ; elapsed = 00:00:12 . Memory (MB): peak = 342.523 ; gain = 132.109
INFO: [Device 21-403] Loading part xc7z020clg484-1
Constraint Validation Runtime : Time (s): cpu = 00:00:00 ; elapsed = 00:00:00.219 . Memory (MB): peak = 665.934 ; gain = 0.000
Finished Constraint Validation : Time (s): cpu = 00:00:19 ; elapsed = 00:00:24 . Memory (MB): peak = 665.934 ; gain = 455.520
Finished Loading Part and Timing Information : Time (s): cpu = 00:00:19 ; elapsed = 00:00:24 . Memory (MB): peak = 665.934 ; gain = 455.520
Finished applying 'set_property' XDC Constraints : Time (s): cpu = 00:00:19 ; elapsed = 00:00:24 . Memory (MB): peak = 665.934 ; gain = 455.520
Finished RTL Optimization Phase 2 : Time (s): cpu = 00:00:20 ; elapsed = 00:00:25 . Memory (MB): peak = 665.934 ; gain = 455.520
Finished Cross Boundary and Area Optimization : Time (s): cpu = 00:00:23 ; elapsed = 00:00:29 . Memory (MB): peak = 665.934 ; gain = 455.520
Finished Applying XDC Timing Constraints : Time (s): cpu = 00:00:36 ; elapsed = 00:00:41 . Memory (MB): peak = 665.934 ; gain = 455.520
Finished Timing Optimization : Time (s): cpu = 00:00:38 ; elapsed = 00:00:44 . Memory (MB): peak = 665.934 ; gain = 455.520
Finished Technology Mapping : Time (s): cpu = 00:00:38 ; elapsed = 00:00:44 . Memory (MB): peak = 667.477 ; gain = 457.063
Finished IO Insertion : Time (s): cpu = 00:00:40 ; elapsed = 00:00:46 . Memory (MB): peak = 667.477 ; gain = 457.063
Finished Renaming Generated Instances : Time (s): cpu = 00:00:40 ; elapsed = 00:00:46 . Memory (MB): peak = 667.477 ; gain = 457.063
Finished Rebuilding User Hierarchy : Time (s): cpu = 00:00:40 ; elapsed = 00:00:46 . Memory (MB): peak = 667.477 ; gain = 457.063
Finished Renaming Generated Ports : Time (s): cpu = 00:00:40 ; elapsed = 00:00:46 . Memory (MB): peak = 667.477 ; gain = 457.063
Finished Handling Custom Attributes : Time (s): cpu = 00:00:40 ; elapsed = 00:00:46 . Memory (MB): peak = 667.477 ; gain = 457.063
Finished Renaming Generated Nets : Time (s): cpu = 00:00:40 ; elapsed = 00:00:46 . Memory (MB): peak = 667.477 ; gain = 457.063

Report Cell Usage: 
+------+-------+------+
|      |Cell   |Count |
+------+-------+------+
|1     |CARRY4 |     4|
|2     |LUT1   |    19|
|3     |LUT2   |    46|
|4     |LUT3   |    51|
|5     |LUT4   |    49|
|6     |LUT5   |    81|
|7     |LUT6   |   145|
|8     |MUXF7  |     4|
|9     |SRL16E |    19|
|10    |FDR    |     4|
|11    |FDRE   |   264|
|12    |FDSE   |    44|
+------+-------+------+
Finished Writing Synthesis Report : Time (s): cpu = 00:00:40 ; elapsed = 00:00:46 . Memory (MB): peak = 667.477 ; gain = 457.063
synth_design: Time (s): cpu = 00:00:40 ; elapsed = 00:00:45 . Memory (MB): peak = 675.480 ; gain = 457.066
